<?xml version="1.0" encoding="UTF-8"?>
<!-- Generated by org.testng.reporters.JUnitXMLReporter -->
<testsuite ignored="1" hostname="DESKTOP-QS9U2BQ" failures="0" tests="1" name="Default test" time="0.209" errors="0" timestamp="2024-03-01T12:01:31 IST">
  <testcase classname="tests.EndToEndTest" name="loginUserTest" time="0.148"/>
  <testcase classname="tests.EndToEndTest" name="addItemToCartTest" time="0.0">
    <ignored/>
  </testcase> <!-- addItemToCartTest -->
</testsuite> <!-- Default test -->
