<?xml version="1.0" encoding="UTF-8"?>
<testng-results ignored="0" total="1" passed="1" failed="0" skipped="0">
  <reporter-output>
  </reporter-output>
  <suite started-at="2024-03-01T12:01:31 IST" name="Default suite" finished-at="2024-03-01T12:01:31 IST" duration-ms="209">
    <groups>
    </groups>
    <test started-at="2024-03-01T12:01:31 IST" name="Default test" finished-at="2024-03-01T12:01:31 IST" duration-ms="209">
      <class name="tests.EndToEndTest">
        <test-method is-config="true" signature="setUp()[pri:0, instance:tests.EndToEndTest@70ed52de]" started-at="2024-03-01T12:01:23 IST" name="setUp" finished-at="2024-03-01T12:01:31 IST" duration-ms="7451" status="PASS">
          <reporter-output>
          </reporter-output>
        </test-method> <!-- setUp -->
        <test-method is-config="true" signature="setUpClass()[pri:0, instance:tests.EndToEndTest@70ed52de]" started-at="2024-03-01T12:01:31 IST" name="setUpClass" finished-at="2024-03-01T12:01:31 IST" duration-ms="27" status="PASS">
          <reporter-output>
          </reporter-output>
        </test-method> <!-- setUpClass -->
        <test-method signature="loginUserTest()[pri:0, instance:tests.EndToEndTest@70ed52de]" started-at="2024-03-01T12:01:31 IST" name="loginUserTest" finished-at="2024-03-01T12:01:31 IST" duration-ms="148" status="PASS">
          <reporter-output>
          </reporter-output>
        </test-method> <!-- loginUserTest -->
        <test-method is-config="true" signature="tearDown()[pri:0, instance:tests.EndToEndTest@70ed52de]" started-at="2024-03-01T12:01:31 IST" name="tearDown" finished-at="2024-03-01T12:01:32 IST" duration-ms="854" status="PASS">
          <reporter-output>
          </reporter-output>
        </test-method> <!-- tearDown -->
      </class> <!-- tests.EndToEndTest -->
    </test> <!-- Default test -->
  </suite> <!-- Default suite -->
</testng-results>
